<?xml version="1.0" encoding="UTF-8"?>
<!-- Generated by org.testng.reporters.JUnitReportReporter -->
<testsuite hostname="LAPTOP-B7UBUGJT" failures="0" tests="1" name="testCases.TC001_AccountRegistration" time="4.287" errors="0" timestamp="2024-12-18T11:28:44 GST" skipped="0">
  <testcase classname="testCases.TC001_AccountRegistration" name="VerifyAccount" time="4.287"/>
</testsuite> <!-- testCases.TC001_AccountRegistration -->
